{"C:\\Program Files\\Java Project\\mern-todo-app\\TODO\\todo_backend\\App.js": {"path":"C:\\Program Files\\Java Project\\mern-todo-app\\TODO\\todo_backend\\App.js","statementMap":{"0":{"start":{"line":1,"column":16},"end":{"line":1,"column":34}},"1":{"start":{"line":2,"column":13},"end":{"line":2,"column":28}},"2":{"start":{"line":3,"column":18},"end":{"line":3,"column":42}},"3":{"start":{"line":5,"column":12},"end":{"line":5,"column":21}},"4":{"start":{"line":6,"column":0},"end":{"line":6,"column":16}},"5":{"start":{"line":7,"column":0},"end":{"line":7,"column":24}},"6":{"start":{"line":9,"column":0},"end":{"line":19,"column":3}},"7":{"start":{"line":10,"column":19},"end":{"line":10,"column":27}},"8":{"start":{"line":12,"column":2},"end":{"line":14,"column":3}},"9":{"start":{"line":13,"column":4},"end":{"line":13,"column":68}},"10":{"start":{"line":16,"column":2},"end":{"line":18,"column":45}},"11":{"start":{"line":17,"column":20},"end":{"line":17,"column":36}},"12":{"start":{"line":18,"column":18},"end":{"line":18,"column":43}},"13":{"start":{"line":21,"column":0},"end":{"line":25,"column":3}},"14":{"start":{"line":22,"column":2},"end":{"line":24,"column":45}},"15":{"start":{"line":23,"column":20},"end":{"line":23,"column":36}},"16":{"start":{"line":24,"column":18},"end":{"line":24,"column":43}},"17":{"start":{"line":27,"column":0},"end":{"line":32,"column":3}},"18":{"start":{"line":28,"column":17},"end":{"line":28,"column":27}},"19":{"start":{"line":29,"column":2},"end":{"line":31,"column":45}},"20":{"start":{"line":30,"column":20},"end":{"line":30,"column":36}},"21":{"start":{"line":31,"column":18},"end":{"line":31,"column":43}},"22":{"start":{"line":34,"column":0},"end":{"line":40,"column":3}},"23":{"start":{"line":35,"column":17},"end":{"line":35,"column":27}},"24":{"start":{"line":36,"column":19},"end":{"line":36,"column":27}},"25":{"start":{"line":37,"column":2},"end":{"line":39,"column":45}},"26":{"start":{"line":38,"column":20},"end":{"line":38,"column":36}},"27":{"start":{"line":39,"column":18},"end":{"line":39,"column":43}},"28":{"start":{"line":42,"column":0},"end":{"line":47,"column":3}},"29":{"start":{"line":43,"column":17},"end":{"line":43,"column":27}},"30":{"start":{"line":44,"column":2},"end":{"line":46,"column":45}},"31":{"start":{"line":45,"column":20},"end":{"line":45,"column":36}},"32":{"start":{"line":46,"column":18},"end":{"line":46,"column":43}},"33":{"start":{"line":49,"column":0},"end":{"line":49,"column":21}}},"fnMap":{"0":{"name":"(anonymous_0)","decl":{"start":{"line":9,"column":17},"end":{"line":9,"column":18}},"loc":{"start":{"line":9,"column":31},"end":{"line":19,"column":1}},"line":9},"1":{"name":"(anonymous_1)","decl":{"start":{"line":17,"column":10},"end":{"line":17,"column":11}},"loc":{"start":{"line":17,"column":20},"end":{"line":17,"column":36}},"line":17},"2":{"name":"(anonymous_2)","decl":{"start":{"line":18,"column":11},"end":{"line":18,"column":12}},"loc":{"start":{"line":18,"column":18},"end":{"line":18,"column":43}},"line":18},"3":{"name":"(anonymous_3)","decl":{"start":{"line":21,"column":16},"end":{"line":21,"column":17}},"loc":{"start":{"line":21,"column":30},"end":{"line":25,"column":1}},"line":21},"4":{"name":"(anonymous_4)","decl":{"start":{"line":23,"column":10},"end":{"line":23,"column":11}},"loc":{"start":{"line":23,"column":20},"end":{"line":23,"column":36}},"line":23},"5":{"name":"(anonymous_5)","decl":{"start":{"line":24,"column":11},"end":{"line":24,"column":12}},"loc":{"start":{"line":24,"column":18},"end":{"line":24,"column":43}},"line":24},"6":{"name":"(anonymous_6)","decl":{"start":{"line":27,"column":21},"end":{"line":27,"column":22}},"loc":{"start":{"line":27,"column":35},"end":{"line":32,"column":1}},"line":27},"7":{"name":"(anonymous_7)","decl":{"start":{"line":30,"column":10},"end":{"line":30,"column":11}},"loc":{"start":{"line":30,"column":20},"end":{"line":30,"column":36}},"line":30},"8":{"name":"(anonymous_8)","decl":{"start":{"line":31,"column":11},"end":{"line":31,"column":12}},"loc":{"start":{"line":31,"column":18},"end":{"line":31,"column":43}},"line":31},"9":{"name":"(anonymous_9)","decl":{"start":{"line":34,"column":23},"end":{"line":34,"column":24}},"loc":{"start":{"line":34,"column":37},"end":{"line":40,"column":1}},"line":34},"10":{"name":"(anonymous_10)","decl":{"start":{"line":38,"column":10},"end":{"line":38,"column":11}},"loc":{"start":{"line":38,"column":20},"end":{"line":38,"column":36}},"line":38},"11":{"name":"(anonymous_11)","decl":{"start":{"line":39,"column":11},"end":{"line":39,"column":12}},"loc":{"start":{"line":39,"column":18},"end":{"line":39,"column":43}},"line":39},"12":{"name":"(anonymous_12)","decl":{"start":{"line":42,"column":26},"end":{"line":42,"column":27}},"loc":{"start":{"line":42,"column":40},"end":{"line":47,"column":1}},"line":42},"13":{"name":"(anonymous_13)","decl":{"start":{"line":45,"column":10},"end":{"line":45,"column":11}},"loc":{"start":{"line":45,"column":20},"end":{"line":45,"column":36}},"line":45},"14":{"name":"(anonymous_14)","decl":{"start":{"line":46,"column":11},"end":{"line":46,"column":12}},"loc":{"start":{"line":46,"column":18},"end":{"line":46,"column":43}},"line":46}},"branchMap":{"0":{"loc":{"start":{"line":12,"column":2},"end":{"line":14,"column":3}},"type":"if","locations":[{"start":{"line":12,"column":2},"end":{"line":14,"column":3}},{"start":{},"end":{}}],"line":12},"1":{"loc":{"start":{"line":12,"column":6},"end":{"line":12,"column":61}},"type":"binary-expr","locations":[{"start":{"line":12,"column":6},"end":{"line":12,"column":11}},{"start":{"line":12,"column":15},"end":{"line":12,"column":39}},{"start":{"line":12,"column":43},"end":{"line":12,"column":61}}],"line":12}},"s":{"0":1,"1":1,"2":1,"3":1,"4":1,"5":1,"6":1,"7":3,"8":3,"9":2,"10":1,"11":1,"12":0,"13":1,"14":2,"15":2,"16":0,"17":1,"18":1,"19":1,"20":1,"21":0,"22":1,"23":1,"24":1,"25":1,"26":1,"27":0,"28":1,"29":1,"30":1,"31":1,"32":0,"33":1},"f":{"0":3,"1":1,"2":0,"3":2,"4":2,"5":0,"6":1,"7":1,"8":0,"9":1,"10":1,"11":0,"12":1,"13":1,"14":0},"b":{"0":[2,1],"1":[3,2,2]},"_coverageSchema":"1a1c01bbd47fc00a2c39e90264f33305004495a9","hash":"9fc7730160429354e09cd75045f7c807e27a7439"}
,"C:\\Program Files\\Java Project\\mern-todo-app\\TODO\\todo_backend\\models\\Todo.js": {"path":"C:\\Program Files\\Java Project\\mern-todo-app\\TODO\\todo_backend\\models\\Todo.js","statementMap":{"0":{"start":{"line":1,"column":17},"end":{"line":1,"column":36}},"1":{"start":{"line":3,"column":19},"end":{"line":17,"column":1}},"2":{"start":{"line":19,"column":18},"end":{"line":19,"column":53}},"3":{"start":{"line":21,"column":0},"end":{"line":21,"column":27}}},"fnMap":{},"branchMap":{},"s":{"0":1,"1":1,"2":1,"3":1},"f":{},"b":{},"_coverageSchema":"1a1c01bbd47fc00a2c39e90264f33305004495a9","hash":"c2bad52cb73603ca9d9daa9ed98563fd2a43ae59"}
,"C:\\Program Files\\Java Project\\mern-todo-app\\TODO\\todo_backend\\utils\\calculateTaskCompletionPercentage.js": {"path":"C:\\Program Files\\Java Project\\mern-todo-app\\TODO\\todo_backend\\utils\\calculateTaskCompletionPercentage.js","statementMap":{"0":{"start":{"line":8,"column":2},"end":{"line":8,"column":60}},"1":{"start":{"line":8,"column":51},"end":{"line":8,"column":60}},"2":{"start":{"line":10,"column":25},"end":{"line":10,"column":78}},"3":{"start":{"line":10,"column":45},"end":{"line":10,"column":70}},"4":{"start":{"line":11,"column":2},"end":{"line":11,"column":59}},"5":{"start":{"line":14,"column":0},"end":{"line":14,"column":51}}},"fnMap":{"0":{"name":"calculateTaskCompletionPercentage","decl":{"start":{"line":7,"column":9},"end":{"line":7,"column":42}},"loc":{"start":{"line":7,"column":50},"end":{"line":12,"column":1}},"line":7},"1":{"name":"(anonymous_1)","decl":{"start":{"line":10,"column":38},"end":{"line":10,"column":39}},"loc":{"start":{"line":10,"column":45},"end":{"line":10,"column":70}},"line":10}},"branchMap":{"0":{"loc":{"start":{"line":8,"column":2},"end":{"line":8,"column":60}},"type":"if","locations":[{"start":{"line":8,"column":2},"end":{"line":8,"column":60}},{"start":{},"end":{}}],"line":8},"1":{"loc":{"start":{"line":8,"column":6},"end":{"line":8,"column":49}},"type":"binary-expr","locations":[{"start":{"line":8,"column":6},"end":{"line":8,"column":27}},{"start":{"line":8,"column":31},"end":{"line":8,"column":49}}],"line":8},"2":{"loc":{"start":{"line":10,"column":45},"end":{"line":10,"column":70}},"type":"binary-expr","locations":[{"start":{"line":10,"column":45},"end":{"line":10,"column":46}},{"start":{"line":10,"column":50},"end":{"line":10,"column":70}}],"line":10}},"s":{"0":9,"1":4,"2":5,"3":12,"4":5,"5":1},"f":{"0":9,"1":12},"b":{"0":[4,5],"1":[9,6],"2":[12,11]},"_coverageSchema":"1a1c01bbd47fc00a2c39e90264f33305004495a9","hash":"48559c3c592b9eff9b9bf57798135b9b3c9c90e0"}
,"C:\\Program Files\\Java Project\\mern-todo-app\\TODO\\todo_backend\\utils\\validateEmail.js": {"path":"C:\\Program Files\\Java Project\\mern-todo-app\\TODO\\todo_backend\\utils\\validateEmail.js","statementMap":{"0":{"start":{"line":7,"column":2},"end":{"line":7,"column":56}},"1":{"start":{"line":7,"column":43},"end":{"line":7,"column":56}},"2":{"start":{"line":8,"column":13},"end":{"line":8,"column":41}},"3":{"start":{"line":9,"column":2},"end":{"line":9,"column":31}},"4":{"start":{"line":12,"column":0},"end":{"line":12,"column":31}}},"fnMap":{"0":{"name":"validateEmail","decl":{"start":{"line":6,"column":9},"end":{"line":6,"column":22}},"loc":{"start":{"line":6,"column":30},"end":{"line":10,"column":1}},"line":6}},"branchMap":{"0":{"loc":{"start":{"line":7,"column":2},"end":{"line":7,"column":56}},"type":"if","locations":[{"start":{"line":7,"column":2},"end":{"line":7,"column":56}},{"start":{},"end":{}}],"line":7},"1":{"loc":{"start":{"line":7,"column":6},"end":{"line":7,"column":41}},"type":"binary-expr","locations":[{"start":{"line":7,"column":6},"end":{"line":7,"column":12}},{"start":{"line":7,"column":16},"end":{"line":7,"column":41}}],"line":7}},"s":{"0":10,"1":4,"2":6,"3":6,"4":1},"f":{"0":10},"b":{"0":[4,6],"1":[10,7]},"_coverageSchema":"1a1c01bbd47fc00a2c39e90264f33305004495a9","hash":"06cad8ebcb13ad5cb52a8b9c08fef3904e30f65f"}
}
